<?xml version="1.0" encoding="UTF-8"?>
<!-- Generated by org.testng.reporters.JUnitXMLReporter -->
<testsuite hostname="user-PC" ignored="0" name="Default test" tests="4" failures="0" timestamp="04 Jul 2019 06:16:19 GMT" time="10.73" errors="0">
  <testcase name="initialize" time="5.743" classname="org.leveredgeTestCases.HomePageTest"/>
  <testcase name="verifyWelcomeScreen" time="2.739" classname="org.leveredgeTestCases.HomePageTest"/>
  <testcase name="verifyConfirmScreen" time="0.171" classname="org.leveredgeTestCases.HomePageTest"/>
  <testcase name="verifyBillingTab" time="2.022" classname="org.leveredgeTestCases.HomePageTest"/>
</testsuite> <!-- Default test -->
