<?xml version="1.0" encoding="UTF-8"?>
<!-- Generated by org.testng.reporters.JUnitXMLReporter -->
<testsuite hostname="user-PC" ignored="0" name="Test" tests="6" failures="2" timestamp="04 Jul 2019 07:43:38 GMT" time="11.078" errors="0">
  <testcase name="validateTitle" time="0.008" classname="org.leveredgeTestCases.LoginPageTest">
    <failure type="java.lang.NullPointerException">
      <![CDATA[java.lang.NullPointerException
at leveredgePagePackage.LoginPage.validateHomePage(LoginPage.java:32)
at org.leveredgeTestCases.LoginPageTest.validateTitle(LoginPageTest.java:21)
... Removed 25 stack frames]]>
    </failure>
  </testcase> <!-- validateTitle -->
  <testcase name="validatelogin" time="0.002" classname="org.leveredgeTestCases.LoginPageTest">
    <failure type="java.lang.NullPointerException">
      <![CDATA[java.lang.NullPointerException
at org.leveredgeTestCases.LoginPageTest.validatelogin(LoginPageTest.java:27)
... Removed 25 stack frames]]>
    </failure>
  </testcase> <!-- validatelogin -->
  <testcase name="initialize" time="5.628" classname="org.leveredgeTestCases.HomePageTest"/>
  <testcase name="verifyWelcomeScreen" time="3.051" classname="org.leveredgeTestCases.HomePageTest"/>
  <testcase name="verifyConfirmScreen" time="0.216" classname="org.leveredgeTestCases.HomePageTest"/>
  <testcase name="verifyBillingTab" time="2.048" classname="org.leveredgeTestCases.HomePageTest"/>
</testsuite> <!-- Test -->
