<?xml version="1.0" encoding="UTF-8"?>
<testng-results skipped="0" failed="2" ignored="0" total="6" passed="4">
  <reporter-output>
  </reporter-output>
  <suite name="Suite" duration-ms="11078" started-at="2019-07-04T07:43:27Z" finished-at="2019-07-04T07:43:38Z">
    <groups>
    </groups>
    <test name="Test" duration-ms="11078" started-at="2019-07-04T07:43:27Z" finished-at="2019-07-04T07:43:38Z">
      <class name="org.leveredgeTestCases.HomePageTest">
        <test-method status="PASS" signature="initialize()[pri:1, instance:org.leveredgeTestCases.HomePageTest@55d56113]" name="initialize" duration-ms="5628" started-at="2019-07-04T07:43:27Z" finished-at="2019-07-04T07:43:33Z">
          <reporter-output>
          </reporter-output>
        </test-method> <!-- initialize -->
        <test-method status="PASS" signature="verifyWelcomeScreen()[pri:2, instance:org.leveredgeTestCases.HomePageTest@55d56113]" name="verifyWelcomeScreen" duration-ms="3051" started-at="2019-07-04T07:43:33Z" finished-at="2019-07-04T07:43:36Z">
          <reporter-output>
          </reporter-output>
        </test-method> <!-- verifyWelcomeScreen -->
        <test-method status="PASS" signature="verifyConfirmScreen()[pri:3, instance:org.leveredgeTestCases.HomePageTest@55d56113]" name="verifyConfirmScreen" duration-ms="216" started-at="2019-07-04T07:43:36Z" finished-at="2019-07-04T07:43:36Z">
          <reporter-output>
          </reporter-output>
        </test-method> <!-- verifyConfirmScreen -->
        <test-method status="PASS" signature="verifyBillingTab()[pri:4, instance:org.leveredgeTestCases.HomePageTest@55d56113]" name="verifyBillingTab" duration-ms="2048" started-at="2019-07-04T07:43:36Z" finished-at="2019-07-04T07:43:38Z">
          <reporter-output>
          </reporter-output>
        </test-method> <!-- verifyBillingTab -->
      </class> <!-- org.leveredgeTestCases.HomePageTest -->
      <class name="org.leveredgeTestCases.LoginPageTest">
        <test-method status="PASS" signature="init()[pri:0, instance:org.leveredgeTestCases.LoginPageTest@64bf3bbf]" name="init" is-config="true" duration-ms="64" started-at="2019-07-04T07:43:27Z" finished-at="2019-07-04T07:43:27Z">
          <reporter-output>
          </reporter-output>
        </test-method> <!-- init -->
        <test-method status="FAIL" signature="validateTitle()[pri:0, instance:org.leveredgeTestCases.LoginPageTest@64bf3bbf]" name="validateTitle" duration-ms="8" started-at="2019-07-04T07:43:27Z" finished-at="2019-07-04T07:43:27Z">
          <exception class="java.lang.NullPointerException">
            <full-stacktrace>
              <![CDATA[java.lang.NullPointerException
at leveredgePagePackage.LoginPage.validateHomePage(LoginPage.java:32)
at org.leveredgeTestCases.LoginPageTest.validateTitle(LoginPageTest.java:21)
at sun.reflect.NativeMethodAccessorImpl.invoke0(Native Method)
at sun.reflect.NativeMethodAccessorImpl.invoke(NativeMethodAccessorImpl.java:62)
at sun.reflect.DelegatingMethodAccessorImpl.invoke(DelegatingMethodAccessorImpl.java:43)
at java.lang.reflect.Method.invoke(Method.java:497)
at org.testng.internal.MethodInvocationHelper.invokeMethod(MethodInvocationHelper.java:124)
at org.testng.internal.Invoker.invokeMethod(Invoker.java:583)
at org.testng.internal.Invoker.invokeTestMethod(Invoker.java:719)
at org.testng.internal.Invoker.invokeTestMethods(Invoker.java:989)
at org.testng.internal.TestMethodWorker.invokeTestMethods(TestMethodWorker.java:125)
at org.testng.internal.TestMethodWorker.run(TestMethodWorker.java:109)
at org.testng.TestRunner.privateRun(TestRunner.java:648)
at org.testng.TestRunner.run(TestRunner.java:505)
at org.testng.SuiteRunner.runTest(SuiteRunner.java:455)
at org.testng.SuiteRunner.runSequentially(SuiteRunner.java:450)
at org.testng.SuiteRunner.privateRun(SuiteRunner.java:415)
at org.testng.SuiteRunner.run(SuiteRunner.java:364)
at org.testng.SuiteRunnerWorker.runSuite(SuiteRunnerWorker.java:52)
at org.testng.SuiteRunnerWorker.run(SuiteRunnerWorker.java:84)
at org.testng.TestNG.runSuitesSequentially(TestNG.java:1208)
at org.testng.TestNG.runSuitesLocally(TestNG.java:1137)
at org.testng.TestNG.runSuites(TestNG.java:1049)
at org.testng.TestNG.run(TestNG.java:1017)
at org.testng.remote.AbstractRemoteTestNG.run(AbstractRemoteTestNG.java:114)
at org.testng.remote.RemoteTestNG.initAndRun(RemoteTestNG.java:251)
at org.testng.remote.RemoteTestNG.main(RemoteTestNG.java:77)
]]>
            </full-stacktrace>
          </exception> <!-- java.lang.NullPointerException -->
          <reporter-output>
          </reporter-output>
        </test-method> <!-- validateTitle -->
        <test-method status="FAIL" signature="validatelogin()[pri:1, instance:org.leveredgeTestCases.LoginPageTest@64bf3bbf]" name="validatelogin" duration-ms="2" started-at="2019-07-04T07:43:27Z" finished-at="2019-07-04T07:43:27Z">
          <exception class="java.lang.NullPointerException">
            <full-stacktrace>
              <![CDATA[java.lang.NullPointerException
at org.leveredgeTestCases.LoginPageTest.validatelogin(LoginPageTest.java:27)
at sun.reflect.NativeMethodAccessorImpl.invoke0(Native Method)
at sun.reflect.NativeMethodAccessorImpl.invoke(NativeMethodAccessorImpl.java:62)
at sun.reflect.DelegatingMethodAccessorImpl.invoke(DelegatingMethodAccessorImpl.java:43)
at java.lang.reflect.Method.invoke(Method.java:497)
at org.testng.internal.MethodInvocationHelper.invokeMethod(MethodInvocationHelper.java:124)
at org.testng.internal.Invoker.invokeMethod(Invoker.java:583)
at org.testng.internal.Invoker.invokeTestMethod(Invoker.java:719)
at org.testng.internal.Invoker.invokeTestMethods(Invoker.java:989)
at org.testng.internal.TestMethodWorker.invokeTestMethods(TestMethodWorker.java:125)
at org.testng.internal.TestMethodWorker.run(TestMethodWorker.java:109)
at org.testng.TestRunner.privateRun(TestRunner.java:648)
at org.testng.TestRunner.run(TestRunner.java:505)
at org.testng.SuiteRunner.runTest(SuiteRunner.java:455)
at org.testng.SuiteRunner.runSequentially(SuiteRunner.java:450)
at org.testng.SuiteRunner.privateRun(SuiteRunner.java:415)
at org.testng.SuiteRunner.run(SuiteRunner.java:364)
at org.testng.SuiteRunnerWorker.runSuite(SuiteRunnerWorker.java:52)
at org.testng.SuiteRunnerWorker.run(SuiteRunnerWorker.java:84)
at org.testng.TestNG.runSuitesSequentially(TestNG.java:1208)
at org.testng.TestNG.runSuitesLocally(TestNG.java:1137)
at org.testng.TestNG.runSuites(TestNG.java:1049)
at org.testng.TestNG.run(TestNG.java:1017)
at org.testng.remote.AbstractRemoteTestNG.run(AbstractRemoteTestNG.java:114)
at org.testng.remote.RemoteTestNG.initAndRun(RemoteTestNG.java:251)
at org.testng.remote.RemoteTestNG.main(RemoteTestNG.java:77)
]]>
            </full-stacktrace>
          </exception> <!-- java.lang.NullPointerException -->
          <reporter-output>
          </reporter-output>
        </test-method> <!-- validatelogin -->
      </class> <!-- org.leveredgeTestCases.LoginPageTest -->
    </test> <!-- Test -->
  </suite> <!-- Suite -->
</testng-results>
